app/build/intermediates/manifest_merge_blame_file/debug/manifest-merger-blame-debug-report.txt
1<?xml version="1.0" encoding="utf-8"?>
2<manifest xmlns:android="http://schemas.android.com/apk/res/android"
3    package="domowy.budzet"
4    android:versionCode="1"
5    android:versionName="1.0" >
6
7    <uses-sdk
8        android:minSdkVersion="19"
8-->src\main\AndroidManifest.xml
9        android:targetSdkVersion="29" />
9-->src\main\AndroidManifest.xml
10
11    <uses-permission android:name="android.permission.INTERNET" />
11-->src\main\AndroidManifest.xml:5:5-67
11-->src\main\AndroidManifest.xml:5:22-64
12    <uses-permission android:name="android.permission.SET_ALARM" />
12-->src\main\AndroidManifest.xml:6:5-68
12-->src\main\AndroidManifest.xml:6:22-65
13
14    <application
14-->src\main\AndroidManifest.xml:8:5-37:19
15        android:allowBackup="true"
15-->src\main\AndroidManifest.xml:9:9-35
16        android:appComponentFactory="androidx.core.app.CoreComponentFactory"
16-->[androidx.core:core:1.1.0] AndroidManifest.xml:24:18-86
17        android:debuggable="true"
18        android:icon="@drawable/app_logo"
18-->src\main\AndroidManifest.xml:10:9-42
19        android:label="@string/app_name"
19-->src\main\AndroidManifest.xml:11:9-41
20        android:roundIcon="@mipmap/ic_launcher_round"
20-->src\main\AndroidManifest.xml:12:9-54
21        android:supportsRtl="true"
21-->src\main\AndroidManifest.xml:13:9-35
22        android:theme="@style/AppTheme" >
22-->src\main\AndroidManifest.xml:14:9-40
23        <activity android:name="domowy.budzet.PrognosisActivity" />
23-->src\main\AndroidManifest.xml:15:9-64
23-->src\main\AndroidManifest.xml:15:19-52
24        <activity android:name="domowy.budzet.ReportActivity" />
24-->src\main\AndroidManifest.xml:16:9-52
24-->src\main\AndroidManifest.xml:16:19-49
25        <activity android:name="domowy.budzet.CreatingNewUserActivity" />
25-->src\main\AndroidManifest.xml:17:9-61
25-->src\main\AndroidManifest.xml:17:19-58
26        <activity android:name="domowy.budzet.MainPanelActivity" />
26-->src\main\AndroidManifest.xml:18:9-55
26-->src\main\AndroidManifest.xml:18:19-52
27        <activity android:name="domowy.budzet.LoginActivity" />
27-->src\main\AndroidManifest.xml:19:9-51
27-->src\main\AndroidManifest.xml:19:19-48
28        <activity android:name="domowy.budzet.MainActivity" >
28-->src\main\AndroidManifest.xml:20:9-26:20
28-->src\main\AndroidManifest.xml:20:19-47
29            <intent-filter>
29-->src\main\AndroidManifest.xml:21:13-25:29
30                <action android:name="android.intent.action.MAIN" />
30-->src\main\AndroidManifest.xml:22:17-69
30-->src\main\AndroidManifest.xml:22:25-66
31
32                <category android:name="android.intent.category.LAUNCHER" />
32-->src\main\AndroidManifest.xml:24:17-77
32-->src\main\AndroidManifest.xml:24:27-74
33            </intent-filter>
34        </activity>
35
36        <receiver
36-->src\main\AndroidManifest.xml:27:9-36:20
37            android:name="domowy.budzet.AlarmReceiver"
37-->src\main\AndroidManifest.xml:28:13-42
38            android:enabled="true"
38-->src\main\AndroidManifest.xml:29:13-35
39            android:exported="false" >
39-->src\main\AndroidManifest.xml:30:13-37
40            <intent-filter>
40-->src\main\AndroidManifest.xml:31:13-35:29
41                <action android:name="android.media.action.DISPLAY_NOTIFICATION" />
41-->src\main\AndroidManifest.xml:32:17-84
41-->src\main\AndroidManifest.xml:32:25-81
42
43                <category android:name="android.intent.category.DEFAULT" />
43-->src\main\AndroidManifest.xml:34:17-76
43-->src\main\AndroidManifest.xml:34:27-73
44            </intent-filter>
45        </receiver>
46    </application>
47
48</manifest>